level=info ts=2017-01-18T00:48:56Z caller=corsmiddleware.go:19 host=labkode-mac:1560 pkg=corsmiddleware msg="cors middleware configured" allowed-origins=* allowed-methods=GET,POST,PUT,DELETE,HEAD allowed-headers=*
level=info ts=2017-01-18T00:48:56Z caller=server.go:64 host=labkode-mac:1560 msg="web services enabled" webservices=authentication,data,metadata,owncloud
level=info ts=2017-01-18T00:48:56Z caller=server.go:68 host=labkode-mac:1560 method=GET endpoint=/metrics msg="endpoint available - created by prometheus"
level=info ts=2017-01-18T00:48:56Z caller=server.go:70 host=labkode-mac:1560 msg="data web service enabled"
level=info ts=2017-01-18T00:48:56Z caller=server.go:81 host=labkode-mac:1560 method=POST endpoint=/data/upload msg="endpoint available"
level=info ts=2017-01-18T00:48:56Z caller=server.go:83 host=labkode-mac:1560 method=OPTIONS endpoint=/data/upload msg="endpoint available - created by corsmiddleware"
level=info ts=2017-01-18T00:48:56Z caller=server.go:81 host=labkode-mac:1560 method=POST endpoint=/data/download msg="endpoint available"
level=info ts=2017-01-18T00:48:56Z caller=server.go:83 host=labkode-mac:1560 method=OPTIONS endpoint=/data/download msg="endpoint available - created by corsmiddleware"
level=info ts=2017-01-18T00:48:56Z caller=server.go:70 host=labkode-mac:1560 msg="metadata web service enabled"
level=info ts=2017-01-18T00:48:56Z caller=server.go:81 host=labkode-mac:1560 method=POST endpoint=/meta/delete msg="endpoint available"
level=info ts=2017-01-18T00:48:56Z caller=server.go:83 host=labkode-mac:1560 method=OPTIONS endpoint=/meta/delete msg="endpoint available - created by corsmiddleware"
level=info ts=2017-01-18T00:48:56Z caller=server.go:81 host=labkode-mac:1560 method=POST endpoint=/meta/makefolder msg="endpoint available"
level=info ts=2017-01-18T00:48:56Z caller=server.go:83 host=labkode-mac:1560 method=OPTIONS endpoint=/meta/makefolder msg="endpoint available - created by corsmiddleware"
level=info ts=2017-01-18T00:48:56Z caller=server.go:81 host=labkode-mac:1560 method=POST endpoint=/meta/examine msg="endpoint available"
level=info ts=2017-01-18T00:48:56Z caller=server.go:83 host=labkode-mac:1560 method=OPTIONS endpoint=/meta/examine msg="endpoint available - created by corsmiddleware"
level=info ts=2017-01-18T00:48:56Z caller=server.go:81 host=labkode-mac:1560 method=POST endpoint=/meta/list msg="endpoint available"
level=info ts=2017-01-18T00:48:56Z caller=server.go:83 host=labkode-mac:1560 method=OPTIONS endpoint=/meta/list msg="endpoint available - created by corsmiddleware"
level=info ts=2017-01-18T00:48:56Z caller=server.go:81 host=labkode-mac:1560 method=POST endpoint=/meta/move msg="endpoint available"
level=info ts=2017-01-18T00:48:56Z caller=server.go:83 host=labkode-mac:1560 method=OPTIONS endpoint=/meta/move msg="endpoint available - created by corsmiddleware"
level=info ts=2017-01-18T00:48:56Z caller=server.go:70 host=labkode-mac:1560 msg="owncloud web service enabled"
level=info ts=2017-01-18T00:48:56Z caller=server.go:81 host=labkode-mac:1560 method=GET endpoint=/ocwebdav/ocs/v1.php/cloud/capabilities msg="endpoint available"
level=info ts=2017-01-18T00:48:56Z caller=server.go:83 host=labkode-mac:1560 method=OPTIONS endpoint=/ocwebdav/ocs/v1.php/cloud/capabilities msg="endpoint available - created by corsmiddleware"
level=info ts=2017-01-18T00:48:56Z caller=server.go:81 host=labkode-mac:1560 method=DELETE endpoint=/ocwebdav/remote.php/webdav/{path:.*} msg="endpoint available"
level=info ts=2017-01-18T00:48:56Z caller=server.go:83 host=labkode-mac:1560 method=OPTIONS endpoint=/ocwebdav/remote.php/webdav/{path:.*} msg="endpoint available - created by corsmiddleware"
level=info ts=2017-01-18T00:48:56Z caller=server.go:81 host=labkode-mac:1560 method=HEAD endpoint=/ocwebdav/remote.php/webdav/{path:.*} msg="endpoint available"
level=info ts=2017-01-18T00:48:56Z caller=server.go:83 host=labkode-mac:1560 method=OPTIONS endpoint=/ocwebdav/remote.php/webdav/{path:.*} msg="endpoint available - created by corsmiddleware"
level=info ts=2017-01-18T00:48:56Z caller=server.go:81 host=labkode-mac:1560 method=PROPPATCH endpoint=/ocwebdav/remote.php/webdav/{path:.*} msg="endpoint available"
level=info ts=2017-01-18T00:48:56Z caller=server.go:83 host=labkode-mac:1560 method=OPTIONS endpoint=/ocwebdav/remote.php/webdav/{path:.*} msg="endpoint available - created by corsmiddleware"
level=info ts=2017-01-18T00:48:56Z caller=server.go:81 host=labkode-mac:1560 method=OPTIONS endpoint=/ocwebdav/remote.php/webdav/{path:.*} msg="endpoint available"
level=info ts=2017-01-18T00:48:56Z caller=server.go:83 host=labkode-mac:1560 method=OPTIONS endpoint=/ocwebdav/remote.php/webdav/{path:.*} msg="endpoint available - created by corsmiddleware"
level=info ts=2017-01-18T00:48:56Z caller=server.go:81 host=labkode-mac:1560 method=LOCK endpoint=/ocwebdav/remote.php/webdav/{path:.*} msg="endpoint available"
level=info ts=2017-01-18T00:48:56Z caller=server.go:83 host=labkode-mac:1560 method=OPTIONS endpoint=/ocwebdav/remote.php/webdav/{path:.*} msg="endpoint available - created by corsmiddleware"
level=info ts=2017-01-18T00:48:56Z caller=server.go:81 host=labkode-mac:1560 method=UNLOCK endpoint=/ocwebdav/remote.php/webdav/{path:.*} msg="endpoint available"
level=info ts=2017-01-18T00:48:56Z caller=server.go:83 host=labkode-mac:1560 method=OPTIONS endpoint=/ocwebdav/remote.php/webdav/{path:.*} msg="endpoint available - created by corsmiddleware"
level=info ts=2017-01-18T00:48:56Z caller=server.go:81 host=labkode-mac:1560 method=MKCOL endpoint=/ocwebdav/remote.php/webdav/{path:.*} msg="endpoint available"
level=info ts=2017-01-18T00:48:56Z caller=server.go:83 host=labkode-mac:1560 method=OPTIONS endpoint=/ocwebdav/remote.php/webdav/{path:.*} msg="endpoint available - created by corsmiddleware"
level=info ts=2017-01-18T00:48:56Z caller=server.go:81 host=labkode-mac:1560 method=PROPFIND endpoint=/ocwebdav/remote.php/webdav/{path:.*} msg="endpoint available"
level=info ts=2017-01-18T00:48:56Z caller=server.go:83 host=labkode-mac:1560 method=OPTIONS endpoint=/ocwebdav/remote.php/webdav/{path:.*} msg="endpoint available - created by corsmiddleware"
level=info ts=2017-01-18T00:48:56Z caller=server.go:81 host=labkode-mac:1560 method=MOVE endpoint=/ocwebdav/remote.php/webdav/{path:.*} msg="endpoint available"
level=info ts=2017-01-18T00:48:56Z caller=server.go:83 host=labkode-mac:1560 method=OPTIONS endpoint=/ocwebdav/remote.php/webdav/{path:.*} msg="endpoint available - created by corsmiddleware"
level=info ts=2017-01-18T00:48:56Z caller=server.go:81 host=labkode-mac:1560 method=GET endpoint=/ocwebdav/remote.php/webdav/{path:.*} msg="endpoint available"
level=info ts=2017-01-18T00:48:56Z caller=server.go:83 host=labkode-mac:1560 method=OPTIONS endpoint=/ocwebdav/remote.php/webdav/{path:.*} msg="endpoint available - created by corsmiddleware"
level=info ts=2017-01-18T00:48:56Z caller=server.go:81 host=labkode-mac:1560 method=PUT endpoint=/ocwebdav/remote.php/webdav/{path:.*} msg="endpoint available"
level=info ts=2017-01-18T00:48:56Z caller=server.go:83 host=labkode-mac:1560 method=OPTIONS endpoint=/ocwebdav/remote.php/webdav/{path:.*} msg="endpoint available - created by corsmiddleware"
level=info ts=2017-01-18T00:48:56Z caller=server.go:81 host=labkode-mac:1560 method=GET endpoint=/ocwebdav/status.php msg="endpoint available"
level=info ts=2017-01-18T00:48:56Z caller=server.go:83 host=labkode-mac:1560 method=OPTIONS endpoint=/ocwebdav/status.php msg="endpoint available - created by corsmiddleware"
level=info ts=2017-01-18T00:48:56Z caller=server.go:70 host=labkode-mac:1560 msg="authentication web service enabled"
level=info ts=2017-01-18T00:48:56Z caller=server.go:81 host=labkode-mac:1560 method=POST endpoint=/auth/token msg="endpoint available"
level=info ts=2017-01-18T00:48:56Z caller=server.go:83 host=labkode-mac:1560 method=OPTIONS endpoint=/auth/token msg="endpoint available - created by corsmiddleware"
level=info ts=2017-01-18T00:48:56Z caller=server.go:81 host=labkode-mac:1560 method=GET endpoint=/auth/ping msg="endpoint available"
level=info ts=2017-01-18T00:48:56Z caller=server.go:83 host=labkode-mac:1560 method=OPTIONS endpoint=/auth/ping msg="endpoint available - created by corsmiddleware"
level=info ts=2017-01-18T00:48:56Z caller=main.go:84 host=labkode-mac:1560 pkg=main msg="server is listening" port=1560 url=http://labkode-mac:1560
level=info ts=2017-01-18T00:48:59Z caller=corsmiddleware.go:19 host=labkode-mac:1560 pkg=corsmiddleware msg="cors middleware configured" allowed-origins=* allowed-methods=GET,POST,PUT,DELETE,HEAD allowed-headers=*
level=info ts=2017-01-18T00:48:59Z caller=server.go:64 host=labkode-mac:1560 msg="web services enabled" webservices=authentication,data,metadata,owncloud
level=info ts=2017-01-18T00:48:59Z caller=server.go:68 host=labkode-mac:1560 method=GET endpoint=/metrics msg="endpoint available - created by prometheus"
level=info ts=2017-01-18T00:48:59Z caller=server.go:70 host=labkode-mac:1560 msg="metadata web service enabled"
level=info ts=2017-01-18T00:48:59Z caller=server.go:81 host=labkode-mac:1560 method=POST endpoint=/meta/move msg="endpoint available"
level=info ts=2017-01-18T00:48:59Z caller=server.go:83 host=labkode-mac:1560 method=OPTIONS endpoint=/meta/move msg="endpoint available - created by corsmiddleware"
level=info ts=2017-01-18T00:48:59Z caller=server.go:81 host=labkode-mac:1560 method=POST endpoint=/meta/delete msg="endpoint available"
level=info ts=2017-01-18T00:48:59Z caller=server.go:83 host=labkode-mac:1560 method=OPTIONS endpoint=/meta/delete msg="endpoint available - created by corsmiddleware"
level=info ts=2017-01-18T00:48:59Z caller=server.go:81 host=labkode-mac:1560 method=POST endpoint=/meta/makefolder msg="endpoint available"
level=info ts=2017-01-18T00:48:59Z caller=server.go:83 host=labkode-mac:1560 method=OPTIONS endpoint=/meta/makefolder msg="endpoint available - created by corsmiddleware"
level=info ts=2017-01-18T00:48:59Z caller=server.go:81 host=labkode-mac:1560 method=POST endpoint=/meta/examine msg="endpoint available"
level=info ts=2017-01-18T00:48:59Z caller=server.go:83 host=labkode-mac:1560 method=OPTIONS endpoint=/meta/examine msg="endpoint available - created by corsmiddleware"
level=info ts=2017-01-18T00:48:59Z caller=server.go:81 host=labkode-mac:1560 method=POST endpoint=/meta/list msg="endpoint available"
level=info ts=2017-01-18T00:48:59Z caller=server.go:83 host=labkode-mac:1560 method=OPTIONS endpoint=/meta/list msg="endpoint available - created by corsmiddleware"
level=info ts=2017-01-18T00:48:59Z caller=server.go:70 host=labkode-mac:1560 msg="owncloud web service enabled"
level=info ts=2017-01-18T00:48:59Z caller=server.go:81 host=labkode-mac:1560 method=GET endpoint=/ocwebdav/status.php msg="endpoint available"
level=info ts=2017-01-18T00:48:59Z caller=server.go:83 host=labkode-mac:1560 method=OPTIONS endpoint=/ocwebdav/status.php msg="endpoint available - created by corsmiddleware"
level=info ts=2017-01-18T00:48:59Z caller=server.go:81 host=labkode-mac:1560 method=GET endpoint=/ocwebdav/ocs/v1.php/cloud/capabilities msg="endpoint available"
level=info ts=2017-01-18T00:48:59Z caller=server.go:83 host=labkode-mac:1560 method=OPTIONS endpoint=/ocwebdav/ocs/v1.php/cloud/capabilities msg="endpoint available - created by corsmiddleware"
level=info ts=2017-01-18T00:48:59Z caller=server.go:81 host=labkode-mac:1560 method=GET endpoint=/ocwebdav/remote.php/webdav/{path:.*} msg="endpoint available"
level=info ts=2017-01-18T00:48:59Z caller=server.go:83 host=labkode-mac:1560 method=OPTIONS endpoint=/ocwebdav/remote.php/webdav/{path:.*} msg="endpoint available - created by corsmiddleware"
level=info ts=2017-01-18T00:48:59Z caller=server.go:81 host=labkode-mac:1560 method=OPTIONS endpoint=/ocwebdav/remote.php/webdav/{path:.*} msg="endpoint available"
level=info ts=2017-01-18T00:48:59Z caller=server.go:83 host=labkode-mac:1560 method=OPTIONS endpoint=/ocwebdav/remote.php/webdav/{path:.*} msg="endpoint available - created by corsmiddleware"
level=info ts=2017-01-18T00:48:59Z caller=server.go:81 host=labkode-mac:1560 method=HEAD endpoint=/ocwebdav/remote.php/webdav/{path:.*} msg="endpoint available"
level=info ts=2017-01-18T00:48:59Z caller=server.go:83 host=labkode-mac:1560 method=OPTIONS endpoint=/ocwebdav/remote.php/webdav/{path:.*} msg="endpoint available - created by corsmiddleware"
level=info ts=2017-01-18T00:48:59Z caller=server.go:81 host=labkode-mac:1560 method=PROPFIND endpoint=/ocwebdav/remote.php/webdav/{path:.*} msg="endpoint available"
level=info ts=2017-01-18T00:48:59Z caller=server.go:83 host=labkode-mac:1560 method=OPTIONS endpoint=/ocwebdav/remote.php/webdav/{path:.*} msg="endpoint available - created by corsmiddleware"
level=info ts=2017-01-18T00:48:59Z caller=server.go:81 host=labkode-mac:1560 method=PUT endpoint=/ocwebdav/remote.php/webdav/{path:.*} msg="endpoint available"
level=info ts=2017-01-18T00:48:59Z caller=server.go:83 host=labkode-mac:1560 method=OPTIONS endpoint=/ocwebdav/remote.php/webdav/{path:.*} msg="endpoint available - created by corsmiddleware"
level=info ts=2017-01-18T00:48:59Z caller=server.go:81 host=labkode-mac:1560 method=LOCK endpoint=/ocwebdav/remote.php/webdav/{path:.*} msg="endpoint available"
level=info ts=2017-01-18T00:48:59Z caller=server.go:83 host=labkode-mac:1560 method=OPTIONS endpoint=/ocwebdav/remote.php/webdav/{path:.*} msg="endpoint available - created by corsmiddleware"
level=info ts=2017-01-18T00:48:59Z caller=server.go:81 host=labkode-mac:1560 method=UNLOCK endpoint=/ocwebdav/remote.php/webdav/{path:.*} msg="endpoint available"
level=info ts=2017-01-18T00:48:59Z caller=server.go:83 host=labkode-mac:1560 method=OPTIONS endpoint=/ocwebdav/remote.php/webdav/{path:.*} msg="endpoint available - created by corsmiddleware"
level=info ts=2017-01-18T00:48:59Z caller=server.go:81 host=labkode-mac:1560 method=MKCOL endpoint=/ocwebdav/remote.php/webdav/{path:.*} msg="endpoint available"
level=info ts=2017-01-18T00:48:59Z caller=server.go:83 host=labkode-mac:1560 method=OPTIONS endpoint=/ocwebdav/remote.php/webdav/{path:.*} msg="endpoint available - created by corsmiddleware"
level=info ts=2017-01-18T00:48:59Z caller=server.go:81 host=labkode-mac:1560 method=PROPPATCH endpoint=/ocwebdav/remote.php/webdav/{path:.*} msg="endpoint available"
level=info ts=2017-01-18T00:48:59Z caller=server.go:83 host=labkode-mac:1560 method=OPTIONS endpoint=/ocwebdav/remote.php/webdav/{path:.*} msg="endpoint available - created by corsmiddleware"
level=info ts=2017-01-18T00:48:59Z caller=server.go:81 host=labkode-mac:1560 method=DELETE endpoint=/ocwebdav/remote.php/webdav/{path:.*} msg="endpoint available"
level=info ts=2017-01-18T00:48:59Z caller=server.go:83 host=labkode-mac:1560 method=OPTIONS endpoint=/ocwebdav/remote.php/webdav/{path:.*} msg="endpoint available - created by corsmiddleware"
level=info ts=2017-01-18T00:48:59Z caller=server.go:81 host=labkode-mac:1560 method=MOVE endpoint=/ocwebdav/remote.php/webdav/{path:.*} msg="endpoint available"
level=info ts=2017-01-18T00:48:59Z caller=server.go:83 host=labkode-mac:1560 method=OPTIONS endpoint=/ocwebdav/remote.php/webdav/{path:.*} msg="endpoint available - created by corsmiddleware"
level=info ts=2017-01-18T00:48:59Z caller=server.go:70 host=labkode-mac:1560 msg="authentication web service enabled"
level=info ts=2017-01-18T00:48:59Z caller=server.go:81 host=labkode-mac:1560 method=POST endpoint=/auth/token msg="endpoint available"
level=info ts=2017-01-18T00:48:59Z caller=server.go:83 host=labkode-mac:1560 method=OPTIONS endpoint=/auth/token msg="endpoint available - created by corsmiddleware"
level=info ts=2017-01-18T00:48:59Z caller=server.go:81 host=labkode-mac:1560 method=GET endpoint=/auth/ping msg="endpoint available"
level=info ts=2017-01-18T00:48:59Z caller=server.go:83 host=labkode-mac:1560 method=OPTIONS endpoint=/auth/ping msg="endpoint available - created by corsmiddleware"
level=info ts=2017-01-18T00:48:59Z caller=server.go:70 host=labkode-mac:1560 msg="data web service enabled"
level=info ts=2017-01-18T00:48:59Z caller=server.go:81 host=labkode-mac:1560 method=POST endpoint=/data/upload msg="endpoint available"
level=info ts=2017-01-18T00:48:59Z caller=server.go:83 host=labkode-mac:1560 method=OPTIONS endpoint=/data/upload msg="endpoint available - created by corsmiddleware"
level=info ts=2017-01-18T00:48:59Z caller=server.go:81 host=labkode-mac:1560 method=POST endpoint=/data/download msg="endpoint available"
level=info ts=2017-01-18T00:48:59Z caller=server.go:83 host=labkode-mac:1560 method=OPTIONS endpoint=/data/download msg="endpoint available - created by corsmiddleware"
level=info ts=2017-01-18T00:48:59Z caller=main.go:84 host=labkode-mac:1560 pkg=main msg="server is listening" port=1560 url=http://labkode-mac:1560
